c:\users\jeand\source\repos\hoko\hoko\x64\release\qrc_hoko.obj
c:\users\jeand\source\repos\hoko\hoko\x64\release\moc_interfaceprincipale.obj
c:\users\jeand\source\repos\hoko\hoko\x64\release\interfaceprincipale.obj
c:\users\jeand\source\repos\hoko\hoko\x64\release\main.obj
c:\users\jeand\source\repos\hoko\hoko\generatedfiles\ui_hoko.h
c:\users\jeand\source\repos\hoko\hoko\generatedfiles\qrc_hoko.cpp
c:\users\jeand\source\repos\hoko\hoko\generatedfiles\release\moc_interfaceprincipale.cpp
c:\users\jeand\source\repos\hoko\x64\release\hoko.exe
c:\users\jeand\source\repos\hoko\hoko\.\generatedfiles\release\moc_interfaceprincipale.cpp
c:\users\jeand\source\repos\hoko\hoko\.\generatedfiles\qrc_hoko.cpp
c:\users\jeand\source\repos\hoko\hoko\.\generatedfiles\ui_hoko.h
c:\users\jeand\source\repos\hoko\hoko\x64\release\hoko.tlog\cl.17896.write.1.tlog
c:\users\jeand\source\repos\hoko\hoko\x64\release\hoko.tlog\cl.command.1.tlog
c:\users\jeand\source\repos\hoko\hoko\x64\release\hoko.tlog\cl.read.1.tlog
c:\users\jeand\source\repos\hoko\hoko\x64\release\hoko.tlog\hoko.write.1u.tlog
c:\users\jeand\source\repos\hoko\hoko\x64\release\hoko.tlog\link.command.1.tlog
c:\users\jeand\source\repos\hoko\hoko\x64\release\hoko.tlog\link.read.1.tlog
c:\users\jeand\source\repos\hoko\hoko\x64\release\hoko.tlog\link.write.1.tlog
c:\users\jeand\source\repos\hoko\hoko\x64\release\hoko.tlog\moc.read.1u.tlog
c:\users\jeand\source\repos\hoko\hoko\x64\release\hoko.tlog\moc.write.1u.tlog
c:\users\jeand\source\repos\hoko\hoko\x64\release\hoko.tlog\rcc.read.1u.tlog
c:\users\jeand\source\repos\hoko\hoko\x64\release\hoko.tlog\rcc.write.1u.tlog
c:\users\jeand\source\repos\hoko\hoko\x64\release\hoko.tlog\uic.read.1u.tlog
c:\users\jeand\source\repos\hoko\hoko\x64\release\hoko.tlog\uic.write.1u.tlog
