c:\users\jeand\source\repos\hoko\hoko\x64\debug\qrc_hoko.obj
c:\users\jeand\source\repos\hoko\hoko\x64\debug\interfaceprincipale.obj
c:\users\jeand\source\repos\hoko\hoko\x64\debug\moc_fenetremodifier.obj
c:\users\jeand\source\repos\hoko\hoko\x64\debug\gestionimage.obj
c:\users\jeand\source\repos\hoko\hoko\x64\debug\fenetremodifier.obj
c:\users\jeand\source\repos\hoko\hoko\generatedfiles\ui_hoko.h
c:\users\jeand\source\repos\hoko\hoko\generatedfiles\qrc_hoko.cpp
c:\users\jeand\source\repos\hoko\hoko\generatedfiles\debug\moc_interfaceprincipale.cpp
c:\users\jeand\source\repos\hoko\hoko\generatedfiles\ui_fenetremodifier.h
c:\users\jeand\source\repos\hoko\hoko\generatedfiles\ui_interfaceprincipale.h
c:\users\jeand\source\repos\hoko\hoko\generatedfiles\debug\moc_fenetremodifier.cpp
c:\users\jeand\source\repos\hoko\x64\debug\hoko.exe
c:\users\jeand\source\repos\hoko\x64\debug\hoko.ilk
c:\users\jeand\source\repos\hoko\x64\debug\hoko.pdb
c:\users\jeand\source\repos\hoko\hoko\.\generatedfiles\debug\moc_interfaceprincipale.cpp
c:\users\jeand\source\repos\hoko\hoko\.\generatedfiles\debug\moc_fenetremodifier.cpp
c:\users\jeand\source\repos\hoko\hoko\.\generatedfiles\qrc_hoko.cpp
c:\users\jeand\source\repos\hoko\hoko\.\generatedfiles\ui_interfaceprincipale.h
c:\users\jeand\source\repos\hoko\hoko\x64\debug\main.obj
c:\users\jeand\source\repos\hoko\hoko\x64\debug\moc_interfaceprincipale.obj
c:\users\jeand\source\repos\hoko\hoko\x64\debug\vc141.pdb
c:\users\jeand\source\repos\hoko\hoko\x64\debug\hoko.tlog\cl.command.1.tlog
c:\users\jeand\source\repos\hoko\hoko\x64\debug\hoko.tlog\cl.read.1.tlog
c:\users\jeand\source\repos\hoko\hoko\x64\debug\hoko.tlog\cl.write.1.tlog
c:\users\jeand\source\repos\hoko\hoko\x64\debug\hoko.tlog\hoko.write.1u.tlog
c:\users\jeand\source\repos\hoko\hoko\x64\debug\hoko.tlog\link.command.1.tlog
c:\users\jeand\source\repos\hoko\hoko\x64\debug\hoko.tlog\link.read.1.tlog
c:\users\jeand\source\repos\hoko\hoko\x64\debug\hoko.tlog\link.write.1.tlog
c:\users\jeand\source\repos\hoko\hoko\x64\debug\hoko.tlog\moc.read.1u.tlog
c:\users\jeand\source\repos\hoko\hoko\x64\debug\hoko.tlog\moc.write.1u.tlog
c:\users\jeand\source\repos\hoko\hoko\x64\debug\hoko.tlog\rcc.read.1u.tlog
c:\users\jeand\source\repos\hoko\hoko\x64\debug\hoko.tlog\rcc.write.1u.tlog
c:\users\jeand\source\repos\hoko\hoko\x64\debug\hoko.tlog\uic.read.1u.tlog
c:\users\jeand\source\repos\hoko\hoko\x64\debug\hoko.tlog\uic.write.1u.tlog
